{"/home/runner/work/dya-studio/dya-studio/src/App.tsx": {"path":"/home/runner/work/dya-studio/dya-studio/src/App.tsx","statementMap":{"0":{"start":{"line":1,"column":0},"end":{"line":1,"column":45}},"1":{"start":{"line":2,"column":0},"end":{"line":2,"column":56}},"2":{"start":{"line":3,"column":0},"end":{"line":3,"column":null}},"3":{"start":{"line":12,"column":0},"end":{"line":12,"column":57}},"4":{"start":{"line":13,"column":0},"end":{"line":13,"column":null}},"5":{"start":{"line":17,"column":0},"end":{"line":17,"column":56}},"6":{"start":{"line":18,"column":0},"end":{"line":18,"column":59}},"7":{"start":{"line":20,"column":0},"end":{"line":20,"column":48}},"8":{"start":{"line":21,"column":0},"end":{"line":21,"column":50}},"9":{"start":{"line":22,"column":0},"end":{"line":22,"column":64}},"10":{"start":{"line":23,"column":0},"end":{"line":23,"column":58}},"11":{"start":{"line":24,"column":0},"end":{"line":24,"column":48}},"12":{"start":{"line":25,"column":0},"end":{"line":25,"column":54}},"13":{"start":{"line":26,"column":0},"end":{"line":26,"column":52}},"14":{"start":{"line":28,"column":24},"end":{"line":65,"column":2}},"15":{"start":{"line":68,"column":36},"end":{"line":68,"column":55}},"16":{"start":{"line":69,"column":21},"end":{"line":69,"column":50}},"17":{"start":{"line":71,"column":2},"end":{"line":85,"column":4}},"18":{"start":{"line":89,"column":38},"end":{"line":89,"column":52}},"19":{"start":{"line":91,"column":2},"end":{"line":122,"column":4}},"20":{"start":{"line":102,"column":32},"end":{"line":102,"column":52}},"21":{"start":{"line":125,"column":0},"end":{"line":125,"column":19}}},"fnMap":{"0":{"name":"AppContent","decl":{"start":{"line":67,"column":9},"end":{"line":67,"column":19}},"loc":{"start":{"line":67,"column":19},"end":{"line":86,"column":1}}},"1":{"name":"App","decl":{"start":{"line":88,"column":9},"end":{"line":88,"column":12}},"loc":{"start":{"line":88,"column":12},"end":{"line":123,"column":1}}},"2":{"name":"(anonymous_2)","decl":{"start":{"line":102,"column":26},"end":{"line":102,"column":29}},"loc":{"start":{"line":102,"column":32},"end":{"line":102,"column":52}}}},"branchMap":{"0":{"loc":{"start":{"line":94,"column":9},"end":{"line":105,"column":null}},"type":"binary-expr","locations":[{"start":{"line":94,"column":9},"end":{"line":94,"column":19}},{"start":{"line":95,"column":10},"end":{"line":96,"column":null}}]},"1":{"loc":{"start":{"line":109,"column":7},"end":{"line":119,"column":null}},"type":"binary-expr","locations":[{"start":{"line":109,"column":7},"end":{"line":109,"column":18}},{"start":{"line":110,"column":8},"end":{"line":118,"column":null}}]}},"s":{"0":0,"1":0,"2":0,"3":0,"4":0,"5":0,"6":0,"7":0,"8":0,"9":0,"10":0,"11":0,"12":0,"13":0,"14":0,"15":0,"16":0,"17":0,"18":0,"19":0,"20":0,"21":0},"f":{"0":0,"1":0,"2":0},"b":{"0":[0,0],"1":[0,0]}}
,"/home/runner/work/dya-studio/dya-studio/src/components/DeviceConnection.tsx": {"path":"/home/runner/work/dya-studio/dya-studio/src/components/DeviceConnection.tsx","statementMap":{"0":{"start":{"line":47,"column":0},"end":{"line":47,"column":16}},"1":{"start":{"line":2,"column":0},"end":{"line":2,"column":61}},"2":{"start":{"line":30,"column":26},"end":{"line":37,"column":2}},"3":{"start":{"line":115,"column":9},"end":{"line":115,"column":26}},"4":{"start":{"line":50,"column":40},"end":{"line":50,"column":55}},"5":{"start":{"line":51,"column":36},"end":{"line":51,"column":51}},"6":{"start":{"line":52,"column":28},"end":{"line":52,"column":57}},"7":{"start":{"line":53,"column":38},"end":{"line":53,"column":77}},"8":{"start":{"line":55,"column":24},"end":{"line":83,"column":8}},"9":{"start":{"line":56,"column":4},"end":{"line":56,"column":23}},"10":{"start":{"line":57,"column":4},"end":{"line":57,"column":19}},"11":{"start":{"line":59,"column":4},"end":{"line":82,"column":5}},"12":{"start":{"line":61,"column":6},"end":{"line":63,"column":7}},"13":{"start":{"line":62,"column":8},"end":{"line":62,"column":75}},"14":{"start":{"line":66,"column":19},"end":{"line":66,"column":55}},"15":{"start":{"line":67,"column":6},"end":{"line":67,"column":44}},"16":{"start":{"line":71,"column":6},"end":{"line":71,"column":36}},"17":{"start":{"line":72,"column":6},"end":{"line":72,"column":27}},"18":{"start":{"line":75,"column":7},"end":{"line":75,"column":73}},"19":{"start":{"line":77,"column":6},"end":{"line":79,"column":7}},"20":{"start":{"line":78,"column":8},"end":{"line":78,"column":30}},"21":{"start":{"line":81,"column":6},"end":{"line":81,"column":26}},"22":{"start":{"line":85,"column":27},"end":{"line":97,"column":8}},"23":{"start":{"line":86,"column":4},"end":{"line":94,"column":5}},"24":{"start":{"line":87,"column":20},"end":{"line":87,"column":78}},"25":{"start":{"line":88,"column":6},"end":{"line":91,"column":7}},"26":{"start":{"line":89,"column":8},"end":{"line":89,"column":27}},"27":{"start":{"line":90,"column":8},"end":{"line":90,"column":75}},"28":{"start":{"line":95,"column":4},"end":{"line":95,"column":26}},"29":{"start":{"line":96,"column":4},"end":{"line":96,"column":29}},"30":{"start":{"line":99,"column":2},"end":{"line":112,"column":4}}},"fnMap":{"0":{"name":"(anonymous_0)","decl":{"start":{"line":33,"column":13},"end":{"line":33,"column":16}},"loc":{"start":{"line":33,"column":18},"end":{"line":33,"column":21}}},"1":{"name":"(anonymous_1)","decl":{"start":{"line":34,"column":16},"end":{"line":34,"column":19}},"loc":{"start":{"line":34,"column":21},"end":{"line":34,"column":24}}},"2":{"name":"DeviceConnectionProvider","decl":{"start":{"line":47,"column":16},"end":{"line":47,"column":40}},"loc":{"start":{"line":49,"column":32},"end":{"line":113,"column":1}}},"3":{"name":"(anonymous_3)","decl":{"start":{"line":55,"column":36},"end":{"line":55,"column":41}},"loc":{"start":{"line":55,"column":47},"end":{"line":83,"column":3}}},"4":{"name":"(anonymous_4)","decl":{"start":{"line":85,"column":39},"end":{"line":85,"column":44}},"loc":{"start":{"line":85,"column":50},"end":{"line":97,"column":3}}}},"branchMap":{"0":{"loc":{"start":{"line":61,"column":6},"end":{"line":63,"column":7}},"type":"if","locations":[{"start":{"line":61,"column":6},"end":{"line":63,"column":7}}]},"1":{"loc":{"start":{"line":77,"column":6},"end":{"line":79,"column":7}},"type":"if","locations":[{"start":{"line":77,"column":6},"end":{"line":79,"column":7}}]},"2":{"loc":{"start":{"line":77,"column":10},"end":{"line":77,"column":62}},"type":"binary-expr","locations":[{"start":{"line":77,"column":10},"end":{"line":77,"column":30}},{"start":{"line":77,"column":34},"end":{"line":77,"column":62}}]},"3":{"loc":{"start":{"line":88,"column":6},"end":{"line":91,"column":7}},"type":"if","locations":[{"start":{"line":88,"column":6},"end":{"line":91,"column":7}}]}},"s":{"0":1,"1":1,"2":1,"3":1,"4":18,"5":18,"6":18,"7":18,"8":18,"9":6,"10":6,"11":6,"12":6,"13":1,"14":5,"15":3,"16":2,"17":2,"18":2,"19":3,"20":2,"21":5,"22":18,"23":1,"24":1,"25":1,"26":1,"27":1,"28":1,"29":1,"30":18},"f":{"0":0,"1":0,"2":18,"3":6,"4":1},"b":{"0":[1],"1":[2],"2":[3,3],"3":[1]}}
,"/home/runner/work/dya-studio/dya-studio/src/components/TabNavigation.tsx": {"path":"/home/runner/work/dya-studio/dya-studio/src/components/TabNavigation.tsx","statementMap":{"0":{"start":{"line":18,"column":0},"end":{"line":18,"column":16}},"1":{"start":{"line":1,"column":0},"end":{"line":1,"column":45}},"2":{"start":{"line":3,"column":0},"end":{"line":3,"column":50}},"3":{"start":{"line":23,"column":2},"end":{"line":59,"column":4}},"4":{"start":{"line":32,"column":10},"end":{"line":33,"column":null}},"5":{"start":{"line":46,"column":10},"end":{"line":47,"column":null}}},"fnMap":{"0":{"name":"TabNavigation","decl":{"start":{"line":18,"column":16},"end":{"line":18,"column":29}},"loc":{"start":{"line":22,"column":21},"end":{"line":60,"column":1}}},"1":{"name":"(anonymous_1)","decl":{"start":{"line":31,"column":18},"end":{"line":31,"column":19}},"loc":{"start":{"line":32,"column":10},"end":{"line":33,"column":null}}},"2":{"name":"(anonymous_2)","decl":{"start":{"line":45,"column":18},"end":{"line":45,"column":19}},"loc":{"start":{"line":46,"column":10},"end":{"line":47,"column":null}}}},"branchMap":{"0":{"loc":{"start":{"line":52,"column":43},"end":{"line":52,"column":77}},"type":"cond-expr","locations":[{"start":{"line":52,"column":66},"end":{"line":52,"column":72}},{"start":{"line":52,"column":75},"end":{"line":52,"column":77}}]},"1":{"loc":{"start":{"line":53,"column":15},"end":{"line":53,"column":56}},"type":"cond-expr","locations":[{"start":{"line":53,"column":38},"end":{"line":53,"column":49}},{"start":{"line":53,"column":52},"end":{"line":53,"column":56}}]}},"s":{"0":0,"1":0,"2":0,"3":0,"4":0,"5":0},"f":{"0":0,"1":0,"2":0},"b":{"0":[0,0],"1":[0,0]}}
,"/home/runner/work/dya-studio/dya-studio/src/contexts/ThemeContext.tsx": {"path":"/home/runner/work/dya-studio/dya-studio/src/contexts/ThemeContext.tsx","statementMap":{"0":{"start":{"line":44,"column":0},"end":{"line":44,"column":16}},"1":{"start":{"line":1,"column":0},"end":{"line":1,"column":null}},"2":{"start":{"line":17,"column":21},"end":{"line":21,"column":2}},"3":{"start":{"line":84,"column":9},"end":{"line":84,"column":21}},"4":{"start":{"line":23,"column":20},"end":{"line":23,"column":38}},"5":{"start":{"line":27,"column":2},"end":{"line":36,"column":3}},"6":{"start":{"line":28,"column":19},"end":{"line":28,"column":52}},"7":{"start":{"line":29,"column":4},"end":{"line":31,"column":5}},"8":{"start":{"line":30,"column":6},"end":{"line":30,"column":20}},"9":{"start":{"line":33,"column":4},"end":{"line":35,"column":5}},"10":{"start":{"line":34,"column":6},"end":{"line":34,"column":21}},"11":{"start":{"line":37,"column":2},"end":{"line":37,"column":16}},"12":{"start":{"line":45,"column":33},"end":{"line":45,"column":65}},"13":{"start":{"line":48,"column":2},"end":{"line":53,"column":14}},"14":{"start":{"line":49,"column":17},"end":{"line":49,"column":41}},"15":{"start":{"line":50,"column":4},"end":{"line":50,"column":43}},"16":{"start":{"line":51,"column":4},"end":{"line":51,"column":30}},"17":{"start":{"line":52,"column":4},"end":{"line":52,"column":45}},"18":{"start":{"line":56,"column":2},"end":{"line":67,"column":9}},"19":{"start":{"line":57,"column":23},"end":{"line":57,"column":73}},"20":{"start":{"line":58,"column":25},"end":{"line":64,"column":5}},"21":{"start":{"line":59,"column":21},"end":{"line":59,"column":54}},"22":{"start":{"line":61,"column":6},"end":{"line":63,"column":7}},"23":{"start":{"line":62,"column":8},"end":{"line":62,"column":52}},"24":{"start":{"line":65,"column":4},"end":{"line":65,"column":56}},"25":{"start":{"line":66,"column":4},"end":{"line":66,"column":72}},"26":{"start":{"line":66,"column":17},"end":{"line":66,"column":71}},"27":{"start":{"line":69,"column":22},"end":{"line":71,"column":8}},"28":{"start":{"line":70,"column":4},"end":{"line":70,"column":66}},"29":{"start":{"line":70,"column":29},"end":{"line":70,"column":63}},"30":{"start":{"line":73,"column":19},"end":{"line":75,"column":8}},"31":{"start":{"line":74,"column":4},"end":{"line":74,"column":28}},"32":{"start":{"line":77,"column":2},"end":{"line":81,"column":4}}},"fnMap":{"0":{"name":"(anonymous_0)","decl":{"start":{"line":19,"column":15},"end":{"line":19,"column":18}},"loc":{"start":{"line":19,"column":20},"end":{"line":19,"column":23}}},"1":{"name":"(anonymous_1)","decl":{"start":{"line":20,"column":12},"end":{"line":20,"column":15}},"loc":{"start":{"line":20,"column":17},"end":{"line":20,"column":20}}},"2":{"name":"getInitialTheme","decl":{"start":{"line":25,"column":9},"end":{"line":25,"column":24}},"loc":{"start":{"line":25,"column":24},"end":{"line":38,"column":1}}},"3":{"name":"ThemeProvider","decl":{"start":{"line":44,"column":16},"end":{"line":44,"column":29}},"loc":{"start":{"line":44,"column":62},"end":{"line":82,"column":1}}},"4":{"name":"(anonymous_4)","decl":{"start":{"line":48,"column":12},"end":{"line":48,"column":15}},"loc":{"start":{"line":48,"column":17},"end":{"line":53,"column":3}}},"5":{"name":"(anonymous_5)","decl":{"start":{"line":56,"column":12},"end":{"line":56,"column":15}},"loc":{"start":{"line":56,"column":17},"end":{"line":67,"column":3}}},"6":{"name":"(anonymous_6)","decl":{"start":{"line":58,"column":25},"end":{"line":58,"column":26}},"loc":{"start":{"line":58,"column":52},"end":{"line":64,"column":5}}},"7":{"name":"(anonymous_7)","decl":{"start":{"line":66,"column":11},"end":{"line":66,"column":14}},"loc":{"start":{"line":66,"column":17},"end":{"line":66,"column":71}}},"8":{"name":"(anonymous_8)","decl":{"start":{"line":69,"column":34},"end":{"line":69,"column":37}},"loc":{"start":{"line":69,"column":39},"end":{"line":71,"column":3}}},"9":{"name":"(anonymous_9)","decl":{"start":{"line":70,"column":18},"end":{"line":70,"column":19}},"loc":{"start":{"line":70,"column":29},"end":{"line":70,"column":63}}},"10":{"name":"(anonymous_10)","decl":{"start":{"line":73,"column":31},"end":{"line":73,"column":32}},"loc":{"start":{"line":73,"column":51},"end":{"line":75,"column":3}}}},"branchMap":{"0":{"loc":{"start":{"line":27,"column":2},"end":{"line":36,"column":3}},"type":"if","locations":[{"start":{"line":27,"column":2},"end":{"line":36,"column":3}}]},"1":{"loc":{"start":{"line":29,"column":4},"end":{"line":31,"column":5}},"type":"if","locations":[{"start":{"line":29,"column":4},"end":{"line":31,"column":5}}]},"2":{"loc":{"start":{"line":29,"column":8},"end":{"line":29,"column":47}},"type":"binary-expr","locations":[{"start":{"line":29,"column":8},"end":{"line":29,"column":26}},{"start":{"line":29,"column":30},"end":{"line":29,"column":47}}]},"3":{"loc":{"start":{"line":33,"column":4},"end":{"line":35,"column":5}},"type":"if","locations":[{"start":{"line":33,"column":4},"end":{"line":35,"column":5}}]},"4":{"loc":{"start":{"line":61,"column":6},"end":{"line":63,"column":7}},"type":"if","locations":[{"start":{"line":61,"column":6},"end":{"line":63,"column":7}}]},"5":{"loc":{"start":{"line":62,"column":22},"end":{"line":62,"column":50}},"type":"cond-expr","locations":[{"start":{"line":62,"column":34},"end":{"line":62,"column":41}},{"start":{"line":62,"column":44},"end":{"line":62,"column":50}}]},"6":{"loc":{"start":{"line":70,"column":29},"end":{"line":70,"column":63}},"type":"cond-expr","locations":[{"start":{"line":70,"column":47},"end":{"line":70,"column":54}},{"start":{"line":70,"column":57},"end":{"line":70,"column":63}}]}},"s":{"0":0,"1":0,"2":0,"3":0,"4":0,"5":0,"6":0,"7":0,"8":0,"9":0,"10":0,"11":0,"12":0,"13":0,"14":0,"15":0,"16":0,"17":0,"18":0,"19":0,"20":0,"21":0,"22":0,"23":0,"24":0,"25":0,"26":0,"27":0,"28":0,"29":0,"30":0,"31":0,"32":0},"f":{"0":0,"1":0,"2":0,"3":0,"4":0,"5":0,"6":0,"7":0,"8":0,"9":0,"10":0},"b":{"0":[0],"1":[0],"2":[0,0],"3":[0],"4":[0],"5":[0,0],"6":[0,0]}}
,"/home/runner/work/dya-studio/dya-studio/src/hooks/useConnection.ts": {"path":"/home/runner/work/dya-studio/dya-studio/src/hooks/useConnection.ts","statementMap":{"0":{"start":{"line":4,"column":0},"end":{"line":4,"column":16}},"1":{"start":{"line":1,"column":0},"end":{"line":1,"column":35}},"2":{"start":{"line":2,"column":0},"end":{"line":2,"column":67}},"3":{"start":{"line":5,"column":2},"end":{"line":5,"column":39}}},"fnMap":{"0":{"name":"useConnection","decl":{"start":{"line":4,"column":16},"end":{"line":4,"column":29}},"loc":{"start":{"line":4,"column":29},"end":{"line":6,"column":1}}}},"branchMap":{},"s":{"0":0,"1":0,"2":0,"3":0},"f":{"0":0},"b":{}}
,"/home/runner/work/dya-studio/dya-studio/src/hooks/useTheme.ts": {"path":"/home/runner/work/dya-studio/dya-studio/src/hooks/useTheme.ts","statementMap":{"0":{"start":{"line":4,"column":0},"end":{"line":4,"column":16}},"1":{"start":{"line":1,"column":0},"end":{"line":1,"column":35}},"2":{"start":{"line":2,"column":0},"end":{"line":2,"column":56}},"3":{"start":{"line":5,"column":18},"end":{"line":5,"column":42}},"4":{"start":{"line":6,"column":2},"end":{"line":8,"column":3}},"5":{"start":{"line":7,"column":4},"end":{"line":7,"column":68}},"6":{"start":{"line":9,"column":2},"end":{"line":9,"column":17}}},"fnMap":{"0":{"name":"useTheme","decl":{"start":{"line":4,"column":16},"end":{"line":4,"column":24}},"loc":{"start":{"line":4,"column":24},"end":{"line":10,"column":1}}}},"branchMap":{"0":{"loc":{"start":{"line":6,"column":2},"end":{"line":8,"column":3}},"type":"if","locations":[{"start":{"line":6,"column":2},"end":{"line":8,"column":3}}]}},"s":{"0":0,"1":0,"2":0,"3":0,"4":0,"5":0,"6":0},"f":{"0":0},"b":{"0":[0]}}
,"/home/runner/work/dya-studio/dya-studio/src/pages/BLEConnectionsPage.tsx": {"path":"/home/runner/work/dya-studio/dya-studio/src/pages/BLEConnectionsPage.tsx","statementMap":{"0":{"start":{"line":3,"column":0},"end":{"line":3,"column":16}},"1":{"start":{"line":1,"column":0},"end":{"line":1,"column":75}},"2":{"start":{"line":4,"column":2},"end":{"line":67,"column":4}},"3":{"start":{"line":25,"column":12},"end":{"line":26,"column":null}}},"fnMap":{"0":{"name":"BLEConnectionsPage","decl":{"start":{"line":3,"column":16},"end":{"line":3,"column":34}},"loc":{"start":{"line":3,"column":34},"end":{"line":68,"column":1}}},"1":{"name":"(anonymous_1)","decl":{"start":{"line":24,"column":31},"end":{"line":24,"column":32}},"loc":{"start":{"line":25,"column":12},"end":{"line":26,"column":null}}}},"branchMap":{},"s":{"0":0,"1":0,"2":0,"3":0},"f":{"0":0,"1":0},"b":{}}
,"/home/runner/work/dya-studio/dya-studio/src/pages/BatteryPage.tsx": {"path":"/home/runner/work/dya-studio/dya-studio/src/pages/BatteryPage.tsx","statementMap":{"0":{"start":{"line":3,"column":0},"end":{"line":3,"column":16}},"1":{"start":{"line":1,"column":0},"end":{"line":1,"column":51}},"2":{"start":{"line":4,"column":2},"end":{"line":55,"column":4}}},"fnMap":{"0":{"name":"BatteryPage","decl":{"start":{"line":3,"column":16},"end":{"line":3,"column":27}},"loc":{"start":{"line":3,"column":27},"end":{"line":56,"column":1}}}},"branchMap":{},"s":{"0":0,"1":0,"2":0},"f":{"0":0},"b":{}}
,"/home/runner/work/dya-studio/dya-studio/src/pages/HealthCheckPage.tsx": {"path":"/home/runner/work/dya-studio/dya-studio/src/pages/HealthCheckPage.tsx","statementMap":{"0":{"start":{"line":63,"column":0},"end":{"line":63,"column":16}},"1":{"start":{"line":1,"column":0},"end":{"line":1,"column":null}},"2":{"start":{"line":14,"column":34},"end":{"line":45,"column":2}},"3":{"start":{"line":48,"column":2},"end":{"line":60,"column":3}},"4":{"start":{"line":50,"column":6},"end":{"line":50,"column":80}},"5":{"start":{"line":52,"column":6},"end":{"line":52,"column":68}},"6":{"start":{"line":54,"column":6},"end":{"line":59,"column":8}},"7":{"start":{"line":64,"column":2},"end":{"line":132,"column":4}},"8":{"start":{"line":88,"column":12},"end":{"line":89,"column":null}}},"fnMap":{"0":{"name":"StatusIcon","decl":{"start":{"line":47,"column":9},"end":{"line":47,"column":19}},"loc":{"start":{"line":47,"column":64},"end":{"line":61,"column":1}}},"1":{"name":"HealthCheckPage","decl":{"start":{"line":63,"column":16},"end":{"line":63,"column":31}},"loc":{"start":{"line":63,"column":31},"end":{"line":133,"column":1}}},"2":{"name":"(anonymous_2)","decl":{"start":{"line":87,"column":27},"end":{"line":87,"column":28}},"loc":{"start":{"line":88,"column":12},"end":{"line":89,"column":null}}}},"branchMap":{"0":{"loc":{"start":{"line":48,"column":2},"end":{"line":60,"column":3}},"type":"switch","locations":[{"start":{"line":49,"column":4},"end":{"line":50,"column":80}},{"start":{"line":51,"column":4},"end":{"line":52,"column":68}},{"start":{"line":53,"column":4},"end":{"line":59,"column":8}}]},"1":{"loc":{"start":{"line":103,"column":18},"end":{"line":107,"column":null}},"type":"cond-expr","locations":[{"start":{"line":104,"column":22},"end":{"line":104,"column":48}},{"start":{"line":105,"column":22},"end":{"line":107,"column":null}}]},"2":{"loc":{"start":{"line":105,"column":22},"end":{"line":107,"column":null}},"type":"cond-expr","locations":[{"start":{"line":106,"column":22},"end":{"line":106,"column":36}},{"start":{"line":107,"column":22},"end":{"line":107,"column":null}}]}},"s":{"0":0,"1":0,"2":0,"3":0,"4":0,"5":0,"6":0,"7":0,"8":0},"f":{"0":0,"1":0,"2":0},"b":{"0":[0,0,0],"1":[0,0],"2":[0,0]}}
,"/home/runner/work/dya-studio/dya-studio/src/pages/KeymapPage.tsx": {"path":"/home/runner/work/dya-studio/dya-studio/src/pages/KeymapPage.tsx","statementMap":{"0":{"start":{"line":3,"column":0},"end":{"line":3,"column":16}},"1":{"start":{"line":1,"column":0},"end":{"line":1,"column":51}},"2":{"start":{"line":4,"column":2},"end":{"line":121,"column":4}},"3":{"start":{"line":34,"column":12},"end":{"line":35,"column":null}},"4":{"start":{"line":53,"column":16},"end":{"line":53,"column":31}},"5":{"start":{"line":55,"column":20},"end":{"line":56,"column":null}},"6":{"start":{"line":70,"column":18},"end":{"line":71,"column":null}},"7":{"start":{"line":83,"column":16},"end":{"line":83,"column":31}},"8":{"start":{"line":85,"column":20},"end":{"line":86,"column":null}},"9":{"start":{"line":100,"column":18},"end":{"line":101,"column":null}}},"fnMap":{"0":{"name":"KeymapPage","decl":{"start":{"line":3,"column":16},"end":{"line":3,"column":26}},"loc":{"start":{"line":3,"column":26},"end":{"line":122,"column":1}}},"1":{"name":"(anonymous_1)","decl":{"start":{"line":33,"column":52},"end":{"line":33,"column":53}},"loc":{"start":{"line":34,"column":12},"end":{"line":35,"column":null}}},"2":{"name":"(anonymous_2)","decl":{"start":{"line":52,"column":32},"end":{"line":52,"column":33}},"loc":{"start":{"line":53,"column":16},"end":{"line":53,"column":31}}},"3":{"name":"(anonymous_3)","decl":{"start":{"line":54,"column":42},"end":{"line":54,"column":43}},"loc":{"start":{"line":55,"column":20},"end":{"line":56,"column":null}}},"4":{"name":"(anonymous_4)","decl":{"start":{"line":69,"column":45},"end":{"line":69,"column":46}},"loc":{"start":{"line":70,"column":18},"end":{"line":71,"column":null}}},"5":{"name":"(anonymous_5)","decl":{"start":{"line":82,"column":32},"end":{"line":82,"column":33}},"loc":{"start":{"line":83,"column":16},"end":{"line":83,"column":31}}},"6":{"name":"(anonymous_6)","decl":{"start":{"line":84,"column":42},"end":{"line":84,"column":43}},"loc":{"start":{"line":85,"column":20},"end":{"line":86,"column":null}}},"7":{"name":"(anonymous_7)","decl":{"start":{"line":99,"column":48},"end":{"line":99,"column":49}},"loc":{"start":{"line":100,"column":18},"end":{"line":101,"column":null}}}},"branchMap":{"0":{"loc":{"start":{"line":37,"column":16},"end":{"line":39,"column":null}},"type":"cond-expr","locations":[{"start":{"line":38,"column":20},"end":{"line":38,"column":121}},{"start":{"line":39,"column":20},"end":{"line":39,"column":null}}]},"1":{"loc":{"start":{"line":59,"column":23},"end":{"line":59,"column":73}},"type":"binary-expr","locations":[{"start":{"line":59,"column":23},"end":{"line":59,"column":32}},{"start":{"line":59,"column":36},"end":{"line":59,"column":73}}]},"2":{"loc":{"start":{"line":60,"column":23},"end":{"line":60,"column":73}},"type":"binary-expr","locations":[{"start":{"line":60,"column":23},"end":{"line":60,"column":32}},{"start":{"line":60,"column":36},"end":{"line":60,"column":73}}]},"3":{"loc":{"start":{"line":61,"column":23},"end":{"line":61,"column":74}},"type":"binary-expr","locations":[{"start":{"line":61,"column":23},"end":{"line":61,"column":32}},{"start":{"line":61,"column":36},"end":{"line":61,"column":74}}]},"4":{"loc":{"start":{"line":62,"column":23},"end":{"line":62,"column":75}},"type":"binary-expr","locations":[{"start":{"line":62,"column":23},"end":{"line":62,"column":32}},{"start":{"line":62,"column":36},"end":{"line":62,"column":75}}]},"5":{"loc":{"start":{"line":89,"column":23},"end":{"line":89,"column":73}},"type":"binary-expr","locations":[{"start":{"line":89,"column":23},"end":{"line":89,"column":32}},{"start":{"line":89,"column":36},"end":{"line":89,"column":73}}]},"6":{"loc":{"start":{"line":90,"column":23},"end":{"line":90,"column":72}},"type":"binary-expr","locations":[{"start":{"line":90,"column":23},"end":{"line":90,"column":32}},{"start":{"line":90,"column":36},"end":{"line":90,"column":72}}]},"7":{"loc":{"start":{"line":91,"column":23},"end":{"line":91,"column":71}},"type":"binary-expr","locations":[{"start":{"line":91,"column":23},"end":{"line":91,"column":32}},{"start":{"line":91,"column":36},"end":{"line":91,"column":71}}]},"8":{"loc":{"start":{"line":92,"column":23},"end":{"line":92,"column":75}},"type":"binary-expr","locations":[{"start":{"line":92,"column":23},"end":{"line":92,"column":32}},{"start":{"line":92,"column":36},"end":{"line":92,"column":75}}]}},"s":{"0":0,"1":0,"2":0,"3":0,"4":0,"5":0,"6":0,"7":0,"8":0,"9":0},"f":{"0":0,"1":0,"2":0,"3":0,"4":0,"5":0,"6":0,"7":0},"b":{"0":[0,0],"1":[0,0],"2":[0,0],"3":[0,0],"4":[0,0],"5":[0,0],"6":[0,0],"7":[0,0],"8":[0,0]}}
,"/home/runner/work/dya-studio/dya-studio/src/pages/SettingsPage.tsx": {"path":"/home/runner/work/dya-studio/dya-studio/src/pages/SettingsPage.tsx","statementMap":{"0":{"start":{"line":3,"column":0},"end":{"line":3,"column":16}},"1":{"start":{"line":1,"column":0},"end":{"line":1,"column":51}},"2":{"start":{"line":4,"column":2},"end":{"line":208,"column":4}}},"fnMap":{"0":{"name":"SettingsPage","decl":{"start":{"line":3,"column":16},"end":{"line":3,"column":28}},"loc":{"start":{"line":3,"column":28},"end":{"line":209,"column":1}}}},"branchMap":{},"s":{"0":0,"1":0,"2":0},"f":{"0":0},"b":{}}
,"/home/runner/work/dya-studio/dya-studio/src/pages/TrackballPage.tsx": {"path":"/home/runner/work/dya-studio/dya-studio/src/pages/TrackballPage.tsx","statementMap":{"0":{"start":{"line":3,"column":0},"end":{"line":3,"column":16}},"1":{"start":{"line":1,"column":0},"end":{"line":1,"column":50}},"2":{"start":{"line":4,"column":2},"end":{"line":128,"column":4}}},"fnMap":{"0":{"name":"TrackballPage","decl":{"start":{"line":3,"column":16},"end":{"line":3,"column":29}},"loc":{"start":{"line":3,"column":29},"end":{"line":129,"column":1}}}},"branchMap":{},"s":{"0":0,"1":0,"2":0},"f":{"0":0},"b":{}}
}
