TN:
SF:src/App.tsx
FN:67,AppContent
FN:88,App
FN:102,(anonymous_2)
FNF:3
FNH:0
FNDA:0,AppContent
FNDA:0,App
FNDA:0,(anonymous_2)
DA:1,0
DA:2,0
DA:3,0
DA:12,0
DA:13,0
DA:17,0
DA:18,0
DA:20,0
DA:21,0
DA:22,0
DA:23,0
DA:24,0
DA:25,0
DA:26,0
DA:28,0
DA:68,0
DA:69,0
DA:71,0
DA:89,0
DA:91,0
DA:102,0
DA:125,0
LF:22
LH:0
BRDA:94,0,0,0
BRDA:94,0,1,0
BRDA:109,1,0,0
BRDA:109,1,1,0
BRF:4
BRH:0
end_of_record
TN:
SF:src/components/DeviceConnection.tsx
FN:33,(anonymous_0)
FN:34,(anonymous_1)
FN:47,DeviceConnectionProvider
FN:55,(anonymous_3)
FN:85,(anonymous_4)
FNF:5
FNH:3
FNDA:0,(anonymous_0)
FNDA:0,(anonymous_1)
FNDA:18,DeviceConnectionProvider
FNDA:6,(anonymous_3)
FNDA:1,(anonymous_4)
DA:2,1
DA:30,1
DA:47,1
DA:50,18
DA:51,18
DA:52,18
DA:53,18
DA:55,18
DA:56,6
DA:57,6
DA:59,6
DA:61,6
DA:62,1
DA:66,5
DA:67,3
DA:71,2
DA:72,2
DA:75,2
DA:77,3
DA:78,2
DA:81,5
DA:85,18
DA:86,1
DA:87,1
DA:88,1
DA:89,1
DA:90,1
DA:95,1
DA:96,1
DA:99,18
DA:115,1
LF:31
LH:31
BRDA:61,0,0,1
BRDA:77,1,0,2
BRDA:77,2,0,3
BRDA:77,2,1,3
BRDA:88,3,0,1
BRF:5
BRH:5
end_of_record
TN:
SF:src/components/TabNavigation.tsx
FN:18,TabNavigation
FN:31,(anonymous_1)
FN:45,(anonymous_2)
FNF:3
FNH:0
FNDA:0,TabNavigation
FNDA:0,(anonymous_1)
FNDA:0,(anonymous_2)
DA:1,0
DA:3,0
DA:18,0
DA:23,0
DA:32,0
DA:46,0
LF:6
LH:0
BRDA:52,0,0,0
BRDA:52,0,1,0
BRDA:53,1,0,0
BRDA:53,1,1,0
BRF:4
BRH:0
end_of_record
TN:
SF:src/contexts/ThemeContext.tsx
FN:19,(anonymous_0)
FN:20,(anonymous_1)
FN:25,getInitialTheme
FN:44,ThemeProvider
FN:48,(anonymous_4)
FN:56,(anonymous_5)
FN:58,(anonymous_6)
FN:66,(anonymous_7)
FN:69,(anonymous_8)
FN:70,(anonymous_9)
FN:73,(anonymous_10)
FNF:11
FNH:0
FNDA:0,(anonymous_0)
FNDA:0,(anonymous_1)
FNDA:0,getInitialTheme
FNDA:0,ThemeProvider
FNDA:0,(anonymous_4)
FNDA:0,(anonymous_5)
FNDA:0,(anonymous_6)
FNDA:0,(anonymous_7)
FNDA:0,(anonymous_8)
FNDA:0,(anonymous_9)
FNDA:0,(anonymous_10)
DA:1,0
DA:17,0
DA:23,0
DA:27,0
DA:28,0
DA:29,0
DA:30,0
DA:33,0
DA:34,0
DA:37,0
DA:44,0
DA:45,0
DA:48,0
DA:49,0
DA:50,0
DA:51,0
DA:52,0
DA:56,0
DA:57,0
DA:58,0
DA:59,0
DA:61,0
DA:62,0
DA:65,0
DA:66,0
DA:69,0
DA:70,0
DA:73,0
DA:74,0
DA:77,0
DA:84,0
LF:31
LH:0
BRDA:27,0,0,0
BRDA:29,1,0,0
BRDA:29,2,0,0
BRDA:29,2,1,0
BRDA:33,3,0,0
BRDA:61,4,0,0
BRDA:62,5,0,0
BRDA:62,5,1,0
BRDA:70,6,0,0
BRDA:70,6,1,0
BRF:10
BRH:0
end_of_record
TN:
SF:src/hooks/useConnection.ts
FN:4,useConnection
FNF:1
FNH:0
FNDA:0,useConnection
DA:1,0
DA:2,0
DA:4,0
DA:5,0
LF:4
LH:0
BRF:0
BRH:0
end_of_record
TN:
SF:src/hooks/useTheme.ts
FN:4,useTheme
FNF:1
FNH:0
FNDA:0,useTheme
DA:1,0
DA:2,0
DA:4,0
DA:5,0
DA:6,0
DA:7,0
DA:9,0
LF:7
LH:0
BRDA:6,0,0,0
BRF:1
BRH:0
end_of_record
TN:
SF:src/pages/BLEConnectionsPage.tsx
FN:3,BLEConnectionsPage
FN:24,(anonymous_1)
FNF:2
FNH:0
FNDA:0,BLEConnectionsPage
FNDA:0,(anonymous_1)
DA:1,0
DA:3,0
DA:4,0
DA:25,0
LF:4
LH:0
BRF:0
BRH:0
end_of_record
TN:
SF:src/pages/BatteryPage.tsx
FN:3,BatteryPage
FNF:1
FNH:0
FNDA:0,BatteryPage
DA:1,0
DA:3,0
DA:4,0
LF:3
LH:0
BRF:0
BRH:0
end_of_record
TN:
SF:src/pages/HealthCheckPage.tsx
FN:47,StatusIcon
FN:63,HealthCheckPage
FN:87,(anonymous_2)
FNF:3
FNH:0
FNDA:0,StatusIcon
FNDA:0,HealthCheckPage
FNDA:0,(anonymous_2)
DA:1,0
DA:14,0
DA:48,0
DA:50,0
DA:52,0
DA:54,0
DA:63,0
DA:64,0
DA:88,0
LF:9
LH:0
BRDA:48,0,0,0
BRDA:48,0,1,0
BRDA:48,0,2,0
BRDA:103,1,0,0
BRDA:103,1,1,0
BRDA:105,2,0,0
BRDA:105,2,1,0
BRF:7
BRH:0
end_of_record
TN:
SF:src/pages/KeymapPage.tsx
FN:3,KeymapPage
FN:33,(anonymous_1)
FN:52,(anonymous_2)
FN:54,(anonymous_3)
FN:69,(anonymous_4)
FN:82,(anonymous_5)
FN:84,(anonymous_6)
FN:99,(anonymous_7)
FNF:8
FNH:0
FNDA:0,KeymapPage
FNDA:0,(anonymous_1)
FNDA:0,(anonymous_2)
FNDA:0,(anonymous_3)
FNDA:0,(anonymous_4)
FNDA:0,(anonymous_5)
FNDA:0,(anonymous_6)
FNDA:0,(anonymous_7)
DA:1,0
DA:3,0
DA:4,0
DA:34,0
DA:53,0
DA:55,0
DA:70,0
DA:83,0
DA:85,0
DA:100,0
LF:10
LH:0
BRDA:37,0,0,0
BRDA:37,0,1,0
BRDA:59,1,0,0
BRDA:59,1,1,0
BRDA:60,2,0,0
BRDA:60,2,1,0
BRDA:61,3,0,0
BRDA:61,3,1,0
BRDA:62,4,0,0
BRDA:62,4,1,0
BRDA:89,5,0,0
BRDA:89,5,1,0
BRDA:90,6,0,0
BRDA:90,6,1,0
BRDA:91,7,0,0
BRDA:91,7,1,0
BRDA:92,8,0,0
BRDA:92,8,1,0
BRF:18
BRH:0
end_of_record
TN:
SF:src/pages/SettingsPage.tsx
FN:3,SettingsPage
FNF:1
FNH:0
FNDA:0,SettingsPage
DA:1,0
DA:3,0
DA:4,0
LF:3
LH:0
BRF:0
BRH:0
end_of_record
TN:
SF:src/pages/TrackballPage.tsx
FN:3,TrackballPage
FNF:1
FNH:0
FNDA:0,TrackballPage
DA:1,0
DA:3,0
DA:4,0
LF:3
LH:0
BRF:0
BRH:0
end_of_record
